<?xml version="1.0" encoding="UTF-8"?>
<!-- Generated by org.testng.reporters.JUnitXMLReporter -->
<testsuite hostname="DESKTOP-1SFM1CA" name="Default test" tests="5" failures="0" timestamp="7 May 2019 12:56:09 GMT" time="35.318" errors="0">
  <testcase name="logintest" time="0.805" classname="test.pack.Login_Test"/>
  <testcase name="logintest" time="0.771" classname="test.pack.Login_Test"/>
  <testcase name="logintest" time="0.721" classname="test.pack.Login_Test"/>
  <testcase name="logintest" time="0.759" classname="test.pack.Login_Test"/>
  <testcase name="logintest" time="0.879" classname="test.pack.Login_Test"/>
</testsuite> <!-- Default test -->
